
*** Running vivado
    with args -log RAT_wrapper.vds -m64 -product Vivado -mode batch -messageDb vivado.pb -notrace -source RAT_wrapper.tcl


****** Vivado v2017.3 (64-bit)
  **** SW Build 2018833 on Wed Oct  4 19:58:22 MDT 2017
  **** IP Build 2016188 on Wed Oct  4 21:52:56 MDT 2017
    ** Copyright 1986-2017 Xilinx, Inc. All Rights Reserved.

source RAT_wrapper.tcl -notrace
Command: synth_design -top RAT_wrapper -part xc7a35tcpg236-1
Starting synth_design
Attempting to get a license for feature 'Synthesis' and/or device 'xc7a35t'
INFO: [Common 17-349] Got license for feature 'Synthesis' and/or device 'xc7a35t'
INFO: Launching helper process for spawning children vivado processes
INFO: Helper process launched with PID 13228 
---------------------------------------------------------------------------------
Starting RTL Elaboration : Time (s): cpu = 00:00:08 ; elapsed = 00:00:08 . Memory (MB): peak = 345.914 ; gain = 101.422
---------------------------------------------------------------------------------
INFO: [Synth 8-638] synthesizing module 'RAT_wrapper' [E:/experiment 11/experiment 11.srcs/sources_1/new/Rat_Wrapper.vhd:47]
INFO: [Synth 8-3491] module 'RAT_MCU' declared at 'E:/experiment 11/experiment 11.srcs/sources_1/new/Rat_MCU.vhd:28' bound to instance 'MCU' of component 'RAT_MCU' [E:/experiment 11/experiment 11.srcs/sources_1/new/Rat_Wrapper.vhd:132]
INFO: [Synth 8-638] synthesizing module 'RAT_MCU' [E:/experiment 11/experiment 11.srcs/sources_1/new/Rat_MCU.vhd:40]
INFO: [Synth 8-3491] module 'prog_rom' declared at 'E:/experiment 11/experiment 11.srcs/sources_1/new/prog_rom.vhd:21' bound to instance 'my_prog_rom' of component 'prog_rom' [E:/experiment 11/experiment 11.srcs/sources_1/new/Rat_MCU.vhd:254]
INFO: [Synth 8-638] synthesizing module 'prog_rom' [E:/experiment 11/experiment 11.srcs/sources_1/new/prog_rom.vhd:29]
	Parameter INIT bound to: 20'b00000000000000000000 
	Parameter INITP_00 bound to: 256'b0000000000000000000000000000000000000000000000000000000000000111111111000011111111000011111101111111001111100011100011000000000000000000000000101111111111001111001011001111111111001011011111111111111111111111111111001111111111111111111111111111111111111111 
	Parameter INITP_01 bound to: 256'b0000000000000000000000000000000000000000000000000000000000000000000000000000000000000000000000000000000000000000000000000000000000000000000000000000000000000000000000000000000000000000000000000000000000000000000000000000000000000000000000000000000000000000 
	Parameter INITP_02 bound to: 256'b0000000000000000000000000000000000000000000000000000000000000000000000000000000000000000000000000000000000000000000000000000000000000000000000000000000000000000000000000000000000000000000000000000000000000000000000000000000000000000000000000000000000000000 
	Parameter INITP_03 bound to: 256'b0000000000000000000000000000000000000000000000000000000000000000000000000000000000000000000000000000000000000000000000000000000000000000000000000000000000000000000000000000000000000000000000000000000000000000000000000000000000000000000000000000000000000000 
	Parameter INITP_04 bound to: 256'b0000000000000000000000000000000000000000000000000000000000000000000000000000000000000000000000000000000000000000000000000000000000000000000000000000000000000000000000000000000000000000000000000000000000000000000000000000000000000000000000000000000000000000 
	Parameter INITP_05 bound to: 256'b0000000000000000000000000000000000000000000000000000000000000000000000000000000000000000000000000000000000000000000000000000000000000000000000000000000000000000000000000000000000000000000000000000000000000000000000000000000000000000000000000000000000000000 
	Parameter INITP_06 bound to: 256'b0000000000000000000000000000000000000000000000000000000000000000000000000000000000000000000000000000000000000000000000000000000000000000000000000000000000000000000000000000000000000000000000000000000000000000000000000000000000000000000000000000000000000000 
	Parameter INITP_07 bound to: 256'b0000000000000000000000000000000000000000000000000000000000000000000000000000000000000000000000000000000000000000000000000000000000000000000000000000000000000000000000000000000000000000000000000000000000000000000000000000000000000000000000000000000000000000 
	Parameter INIT_00 bound to: 256'b1010000000000111011000000001111110100000000001100110000001000001101000000000010101100000010010011010000000000100011000001001100110100000000000110110000000001101101000000000001001100000001001011010000000000001011000001001111110100000000000000110000000000011 
	Parameter INIT_01 bound to: 256'b0100001010110010011011110000000001101110010000000110110101000010011011000000111101100101100000000110010011111111011000111111111101100010000000000110000100000000011000000000000010000000101010001010000000001001011000000000100110100000000010000110000000000001 
	Parameter INIT_02 bound to: 256'b1000000101011011000001100000001000100110001001001000000110011010000111110000001001001110101100000100110110110001010011001011001001111111000000011000000100100010000001100000001000100110001001001010000000000000010001011011010101000100101100000100001110110001 
	Parameter INIT_03 bound to: 256'b0000000000000000000000000000000000000000000000000000000000000000000000000000000010000001001000001000000110111011000001100000001000100110001001000100010110110101010001001011000001000011101100010100001010110010100000001111100001111111000000000100111110110101 
	Parameter INIT_04 bound to: 256'b0110000100000000011000000000000010000010100000110000000100000101011000000000000010000001000000011000001001100011000000000000101010000000000000011000001010010011000111110000000100000000000000000000000000000000000000000000000000000000000000000000000000000000 
	Parameter INIT_05 bound to: 256'b0100101010000011011010100000101101001010100000100100101000001010100000110000100001101111000000010100101010000011011010100000011101001010100000100100101000000010100000101110001100001111000000000101011010000011011101101111111110100000000000110111111100000010 
	Parameter INIT_06 bound to: 256'b0000000000000000000000000000000000000000000000000000000000000000000000000000000000000000000000000000000000000000000000000000000000000000000000000000000000000000000000000000000000000000000000000000000000000000000000000000000010100000000000110110111100000000 
	Parameter INIT_07 bound to: 256'b0000000000000000000000000000000000000000000000000000000000000000000000000000000000000000000000000000000000000000000000000000000000000000000000000000000000000000000000000000000000000000000000000000000000000000000000000000000000000000000000000000000000000000 
	Parameter INIT_08 bound to: 256'b0000000000000000000000000000000000000000000000000000000000000000000000000000000000000000000000000000000000000000000000000000000000000000000000000000000000000000000000000000000000000000000000000000000000000000000000000000000000000000000000000000000000000000 
	Parameter INIT_09 bound to: 256'b0000000000000000000000000000000000000000000000000000000000000000000000000000000000000000000000000000000000000000000000000000000000000000000000000000000000000000000000000000000000000000000000000000000000000000000000000000000000000000000000000000000000000000 
	Parameter INIT_0A bound to: 256'b0000000000000000000000000000000000000000000000000000000000000000000000000000000000000000000000000000000000000000000000000000000000000000000000000000000000000000000000000000000000000000000000000000000000000000000000000000000000000000000000000000000000000000 
	Parameter INIT_0B bound to: 256'b0000000000000000000000000000000000000000000000000000000000000000000000000000000000000000000000000000000000000000000000000000000000000000000000000000000000000000000000000000000000000000000000000000000000000000000000000000000000000000000000000000000000000000 
	Parameter INIT_0C bound to: 256'b0000000000000000000000000000000000000000000000000000000000000000000000000000000000000000000000000000000000000000000000000000000000000000000000000000000000000000000000000000000000000000000000000000000000000000000000000000000000000000000000000000000000000000 
	Parameter INIT_0D bound to: 256'b0000000000000000000000000000000000000000000000000000000000000000000000000000000000000000000000000000000000000000000000000000000000000000000000000000000000000000000000000000000000000000000000000000000000000000000000000000000000000000000000000000000000000000 
	Parameter INIT_0E bound to: 256'b0000000000000000000000000000000000000000000000000000000000000000000000000000000000000000000000000000000000000000000000000000000000000000000000000000000000000000000000000000000000000000000000000000000000000000000000000000000000000000000000000000000000000000 
	Parameter INIT_0F bound to: 256'b0000000000000000000000000000000000000000000000000000000000000000000000000000000000000000000000000000000000000000000000000000000000000000000000000000000000000000000000000000000000000000000000000000000000000000000000000000000000000000000000000000000000000000 
	Parameter INIT_10 bound to: 256'b0000000000000000000000000000000000000000000000000000000000000000000000000000000000000000000000000000000000000000000000000000000000000000000000000000000000000000000000000000000000000000000000000000000000000000000000000000000000000000000000000000000000000000 
	Parameter INIT_11 bound to: 256'b0000000000000000000000000000000000000000000000000000000000000000000000000000000000000000000000000000000000000000000000000000000000000000000000000000000000000000000000000000000000000000000000000000000000000000000000000000000000000000000000000000000000000000 
	Parameter INIT_12 bound to: 256'b0000000000000000000000000000000000000000000000000000000000000000000000000000000000000000000000000000000000000000000000000000000000000000000000000000000000000000000000000000000000000000000000000000000000000000000000000000000000000000000000000000000000000000 
	Parameter INIT_13 bound to: 256'b0000000000000000000000000000000000000000000000000000000000000000000000000000000000000000000000000000000000000000000000000000000000000000000000000000000000000000000000000000000000000000000000000000000000000000000000000000000000000000000000000000000000000000 
	Parameter INIT_14 bound to: 256'b0000000000000000000000000000000000000000000000000000000000000000000000000000000000000000000000000000000000000000000000000000000000000000000000000000000000000000000000000000000000000000000000000000000000000000000000000000000000000000000000000000000000000000 
	Parameter INIT_15 bound to: 256'b0000000000000000000000000000000000000000000000000000000000000000000000000000000000000000000000000000000000000000000000000000000000000000000000000000000000000000000000000000000000000000000000000000000000000000000000000000000000000000000000000000000000000000 
	Parameter INIT_16 bound to: 256'b0000000000000000000000000000000000000000000000000000000000000000000000000000000000000000000000000000000000000000000000000000000000000000000000000000000000000000000000000000000000000000000000000000000000000000000000000000000000000000000000000000000000000000 
	Parameter INIT_17 bound to: 256'b0000000000000000000000000000000000000000000000000000000000000000000000000000000000000000000000000000000000000000000000000000000000000000000000000000000000000000000000000000000000000000000000000000000000000000000000000000000000000000000000000000000000000000 
	Parameter INIT_18 bound to: 256'b0000000000000000000000000000000000000000000000000000000000000000000000000000000000000000000000000000000000000000000000000000000000000000000000000000000000000000000000000000000000000000000000000000000000000000000000000000000000000000000000000000000000000000 
	Parameter INIT_19 bound to: 256'b0000000000000000000000000000000000000000000000000000000000000000000000000000000000000000000000000000000000000000000000000000000000000000000000000000000000000000000000000000000000000000000000000000000000000000000000000000000000000000000000000000000000000000 
	Parameter INIT_1A bound to: 256'b0000000000000000000000000000000000000000000000000000000000000000000000000000000000000000000000000000000000000000000000000000000000000000000000000000000000000000000000000000000000000000000000000000000000000000000000000000000000000000000000000000000000000000 
	Parameter INIT_1B bound to: 256'b0000000000000000000000000000000000000000000000000000000000000000000000000000000000000000000000000000000000000000000000000000000000000000000000000000000000000000000000000000000000000000000000000000000000000000000000000000000000000000000000000000000000000000 
	Parameter INIT_1C bound to: 256'b0000000000000000000000000000000000000000000000000000000000000000000000000000000000000000000000000000000000000000000000000000000000000000000000000000000000000000000000000000000000000000000000000000000000000000000000000000000000000000000000000000000000000000 
	Parameter INIT_1D bound to: 256'b0000000000000000000000000000000000000000000000000000000000000000000000000000000000000000000000000000000000000000000000000000000000000000000000000000000000000000000000000000000000000000000000000000000000000000000000000000000000000000000000000000000000000000 
	Parameter INIT_1E bound to: 256'b0000000000000000000000000000000000000000000000000000000000000000000000000000000000000000000000000000000000000000000000000000000000000000000000000000000000000000000000000000000000000000000000000000000000000000000000000000000000000000000000000000000000000000 
	Parameter INIT_1F bound to: 256'b0000000000000000000000000000000000000000000000000000000000000000000000000000000000000000000000000000000000000000000000000000000000000000000000000000000000000000000000000000000000000000000000000000000000000000000000000000000000000000000000000000000000000000 
	Parameter INIT_20 bound to: 256'b0000000000000000000000000000000000000000000000000000000000000000000000000000000000000000000000000000000000000000000000000000000000000000000000000000000000000000000000000000000000000000000000000000000000000000000000000000000000000000000000000000000000000000 
	Parameter INIT_21 bound to: 256'b0000000000000000000000000000000000000000000000000000000000000000000000000000000000000000000000000000000000000000000000000000000000000000000000000000000000000000000000000000000000000000000000000000000000000000000000000000000000000000000000000000000000000000 
	Parameter INIT_22 bound to: 256'b0000000000000000000000000000000000000000000000000000000000000000000000000000000000000000000000000000000000000000000000000000000000000000000000000000000000000000000000000000000000000000000000000000000000000000000000000000000000000000000000000000000000000000 
	Parameter INIT_23 bound to: 256'b0000000000000000000000000000000000000000000000000000000000000000000000000000000000000000000000000000000000000000000000000000000000000000000000000000000000000000000000000000000000000000000000000000000000000000000000000000000000000000000000000000000000000000 
	Parameter INIT_24 bound to: 256'b0000000000000000000000000000000000000000000000000000000000000000000000000000000000000000000000000000000000000000000000000000000000000000000000000000000000000000000000000000000000000000000000000000000000000000000000000000000000000000000000000000000000000000 
	Parameter INIT_25 bound to: 256'b0000000000000000000000000000000000000000000000000000000000000000000000000000000000000000000000000000000000000000000000000000000000000000000000000000000000000000000000000000000000000000000000000000000000000000000000000000000000000000000000000000000000000000 
	Parameter INIT_26 bound to: 256'b0000000000000000000000000000000000000000000000000000000000000000000000000000000000000000000000000000000000000000000000000000000000000000000000000000000000000000000000000000000000000000000000000000000000000000000000000000000000000000000000000000000000000000 
	Parameter INIT_27 bound to: 256'b0000000000000000000000000000000000000000000000000000000000000000000000000000000000000000000000000000000000000000000000000000000000000000000000000000000000000000000000000000000000000000000000000000000000000000000000000000000000000000000000000000000000000000 
	Parameter INIT_28 bound to: 256'b0000000000000000000000000000000000000000000000000000000000000000000000000000000000000000000000000000000000000000000000000000000000000000000000000000000000000000000000000000000000000000000000000000000000000000000000000000000000000000000000000000000000000000 
	Parameter INIT_29 bound to: 256'b0000000000000000000000000000000000000000000000000000000000000000000000000000000000000000000000000000000000000000000000000000000000000000000000000000000000000000000000000000000000000000000000000000000000000000000000000000000000000000000000000000000000000000 
	Parameter INIT_2A bound to: 256'b0000000000000000000000000000000000000000000000000000000000000000000000000000000000000000000000000000000000000000000000000000000000000000000000000000000000000000000000000000000000000000000000000000000000000000000000000000000000000000000000000000000000000000 
	Parameter INIT_2B bound to: 256'b0000000000000000000000000000000000000000000000000000000000000000000000000000000000000000000000000000000000000000000000000000000000000000000000000000000000000000000000000000000000000000000000000000000000000000000000000000000000000000000000000000000000000000 
	Parameter INIT_2C bound to: 256'b0000000000000000000000000000000000000000000000000000000000000000000000000000000000000000000000000000000000000000000000000000000000000000000000000000000000000000000000000000000000000000000000000000000000000000000000000000000000000000000000000000000000000000 
	Parameter INIT_2D bound to: 256'b0000000000000000000000000000000000000000000000000000000000000000000000000000000000000000000000000000000000000000000000000000000000000000000000000000000000000000000000000000000000000000000000000000000000000000000000000000000000000000000000000000000000000000 
	Parameter INIT_2E bound to: 256'b0000000000000000000000000000000000000000000000000000000000000000000000000000000000000000000000000000000000000000000000000000000000000000000000000000000000000000000000000000000000000000000000000000000000000000000000000000000000000000000000000000000000000000 
	Parameter INIT_2F bound to: 256'b0000000000000000000000000000000000000000000000000000000000000000000000000000000000000000000000000000000000000000000000000000000000000000000000000000000000000000000000000000000000000000000000000000000000000000000000000000000000000000000000000000000000000000 
	Parameter INIT_30 bound to: 256'b0000000000000000000000000000000000000000000000000000000000000000000000000000000000000000000000000000000000000000000000000000000000000000000000000000000000000000000000000000000000000000000000000000000000000000000000000000000000000000000000000000000000000000 
	Parameter INIT_31 bound to: 256'b0000000000000000000000000000000000000000000000000000000000000000000000000000000000000000000000000000000000000000000000000000000000000000000000000000000000000000000000000000000000000000000000000000000000000000000000000000000000000000000000000000000000000000 
	Parameter INIT_32 bound to: 256'b0000000000000000000000000000000000000000000000000000000000000000000000000000000000000000000000000000000000000000000000000000000000000000000000000000000000000000000000000000000000000000000000000000000000000000000000000000000000000000000000000000000000000000 
	Parameter INIT_33 bound to: 256'b0000000000000000000000000000000000000000000000000000000000000000000000000000000000000000000000000000000000000000000000000000000000000000000000000000000000000000000000000000000000000000000000000000000000000000000000000000000000000000000000000000000000000000 
	Parameter INIT_34 bound to: 256'b0000000000000000000000000000000000000000000000000000000000000000000000000000000000000000000000000000000000000000000000000000000000000000000000000000000000000000000000000000000000000000000000000000000000000000000000000000000000000000000000000000000000000000 
	Parameter INIT_35 bound to: 256'b0000000000000000000000000000000000000000000000000000000000000000000000000000000000000000000000000000000000000000000000000000000000000000000000000000000000000000000000000000000000000000000000000000000000000000000000000000000000000000000000000000000000000000 
	Parameter INIT_36 bound to: 256'b0000000000000000000000000000000000000000000000000000000000000000000000000000000000000000000000000000000000000000000000000000000000000000000000000000000000000000000000000000000000000000000000000000000000000000000000000000000000000000000000000000000000000000 
	Parameter INIT_37 bound to: 256'b0000000000000000000000000000000000000000000000000000000000000000000000000000000000000000000000000000000000000000000000000000000000000000000000000000000000000000000000000000000000000000000000000000000000000000000000000000000000000000000000000000000000000000 
	Parameter INIT_38 bound to: 256'b0000000000000000000000000000000000000000000000000000000000000000000000000000000000000000000000000000000000000000000000000000000000000000000000000000000000000000000000000000000000000000000000000000000000000000000000000000000000000000000000000000000000000000 
	Parameter INIT_39 bound to: 256'b0000000000000000000000000000000000000000000000000000000000000000000000000000000000000000000000000000000000000000000000000000000000000000000000000000000000000000000000000000000000000000000000000000000000000000000000000000000000000000000000000000000000000000 
	Parameter INIT_3A bound to: 256'b0000000000000000000000000000000000000000000000000000000000000000000000000000000000000000000000000000000000000000000000000000000000000000000000000000000000000000000000000000000000000000000000000000000000000000000000000000000000000000000000000000000000000000 
	Parameter INIT_3B bound to: 256'b0000000000000000000000000000000000000000000000000000000000000000000000000000000000000000000000000000000000000000000000000000000000000000000000000000000000000000000000000000000000000000000000000000000000000000000000000000000000000000000000000000000000000000 
	Parameter INIT_3C bound to: 256'b0000000000000000000000000000000000000000000000000000000000000000000000000000000000000000000000000000000000000000000000000000000000000000000000000000000000000000000000000000000000000000000000000000000000000000000000000000000000000000000000000000000000000000 
	Parameter INIT_3D bound to: 256'b0000000000000000000000000000000000000000000000000000000000000000000000000000000000000000000000000000000000000000000000000000000000000000000000000000000000000000000000000000000000000000000000000000000000000000000000000000000000000000000000000000000000000000 
	Parameter INIT_3E bound to: 256'b0000000000000000000000000000000000000000000000000000000000000000000000000000000000000000000000000000000000000000000000000000000000000000000000000000000000000000000000000000000000000000000000000000000000000000000000000000000000000000000000000000000000000000 
	Parameter INIT_3F bound to: 256'b1000001000101000000000000000000000000000000000000000000000000000000000000000000000000000000000000000000000000000000000000000000000000000000000000000000000000000000000000000000000000000000000000000000000000000000000000000000000000000000000000000000000000000 
	Parameter SRVAL bound to: 20'b00000000000000000000 
	Parameter WRITE_MODE bound to: WRITE_FIRST - type: string 
INFO: [Synth 8-113] binding component instance 'ram_1024_x_18' to cell 'RAMB16_S18' [E:/experiment 11/experiment 11.srcs/sources_1/new/prog_rom.vhd:194]
INFO: [Synth 8-256] done synthesizing module 'prog_rom' (1#1) [E:/experiment 11/experiment 11.srcs/sources_1/new/prog_rom.vhd:29]
INFO: [Synth 8-3491] module 'ALU' declared at 'E:/experiment 11/experiment 11.srcs/sources_1/new/ALU.vhd:27' bound to instance 'my_alu' of component 'ALU' [E:/experiment 11/experiment 11.srcs/sources_1/new/Rat_MCU.vhd:259]
INFO: [Synth 8-638] synthesizing module 'ALU' [E:/experiment 11/experiment 11.srcs/sources_1/new/ALU.vhd:37]
INFO: [Synth 8-226] default block is never used [E:/experiment 11/experiment 11.srcs/sources_1/new/ALU.vhd:44]
INFO: [Synth 8-256] done synthesizing module 'ALU' (2#1) [E:/experiment 11/experiment 11.srcs/sources_1/new/ALU.vhd:37]
INFO: [Synth 8-3491] module 'CONTROL_UNIT' declared at 'E:/experiment 11/experiment 11.srcs/sources_1/new/Control_Unit.vhd:28' bound to instance 'my_cu' of component 'CONTROL_UNIT' [E:/experiment 11/experiment 11.srcs/sources_1/new/Rat_MCU.vhd:269]
INFO: [Synth 8-638] synthesizing module 'CONTROL_UNIT' [E:/experiment 11/experiment 11.srcs/sources_1/new/Control_Unit.vhd:69]
INFO: [Synth 8-226] default block is never used [E:/experiment 11/experiment 11.srcs/sources_1/new/Control_Unit.vhd:128]
INFO: [Synth 8-256] done synthesizing module 'CONTROL_UNIT' (3#1) [E:/experiment 11/experiment 11.srcs/sources_1/new/Control_Unit.vhd:69]
INFO: [Synth 8-3491] module 'RegisterFile' declared at 'E:/experiment 11/experiment 11.srcs/sources_1/new/Reg_File.vhd:26' bound to instance 'my_regfile' of component 'RegisterFile' [E:/experiment 11/experiment 11.srcs/sources_1/new/Rat_MCU.vhd:309]
INFO: [Synth 8-638] synthesizing module 'RegisterFile' [E:/experiment 11/experiment 11.srcs/sources_1/new/Reg_File.vhd:36]
INFO: [Synth 8-256] done synthesizing module 'RegisterFile' (4#1) [E:/experiment 11/experiment 11.srcs/sources_1/new/Reg_File.vhd:36]
WARNING: [Synth 8-5640] Port 'ir' is missing in component declaration [E:/experiment 11/experiment 11.srcs/sources_1/new/Rat_MCU.vhd:109]
INFO: [Synth 8-3491] module 'ProgramCounter' declared at 'E:/experiment 11/experiment 11.srcs/sources_1/new/PC.vhd:25' bound to instance 'my_PC' of component 'ProgramCounter' [E:/experiment 11/experiment 11.srcs/sources_1/new/Rat_MCU.vhd:319]
INFO: [Synth 8-638] synthesizing module 'ProgramCounter' [E:/experiment 11/experiment 11.srcs/sources_1/new/PC.vhd:38]
INFO: [Synth 8-3491] module 'Mux_3x2' declared at 'E:/experiment 11/experiment 11.srcs/sources_1/new/mux_3x2.vhd:25' bound to instance 'mux' of component 'Mux_3x2' [E:/experiment 11/experiment 11.srcs/sources_1/new/PC.vhd:72]
INFO: [Synth 8-638] synthesizing module 'Mux_3x2' [E:/experiment 11/experiment 11.srcs/sources_1/new/mux_3x2.vhd:34]
INFO: [Synth 8-256] done synthesizing module 'Mux_3x2' (5#1) [E:/experiment 11/experiment 11.srcs/sources_1/new/mux_3x2.vhd:34]
INFO: [Synth 8-3491] module 'cntr_10bit' declared at 'E:/experiment 11/experiment 11.srcs/sources_1/new/cntr_10bit.vhd:27' bound to instance 'program_counter' of component 'cntr_10bit' [E:/experiment 11/experiment 11.srcs/sources_1/new/PC.vhd:79]
INFO: [Synth 8-638] synthesizing module 'cntr_10bit' [E:/experiment 11/experiment 11.srcs/sources_1/new/cntr_10bit.vhd:36]
INFO: [Synth 8-256] done synthesizing module 'cntr_10bit' (6#1) [E:/experiment 11/experiment 11.srcs/sources_1/new/cntr_10bit.vhd:36]
INFO: [Synth 8-3491] module 'prog_rom' declared at 'E:/experiment 11/experiment 11.srcs/sources_1/new/prog_rom.vhd:21' bound to instance 'my_prog_rom' of component 'prog_rom' [E:/experiment 11/experiment 11.srcs/sources_1/new/PC.vhd:87]
INFO: [Synth 8-256] done synthesizing module 'ProgramCounter' (7#1) [E:/experiment 11/experiment 11.srcs/sources_1/new/PC.vhd:38]
INFO: [Synth 8-3491] module 'Mux_2x1' declared at 'E:/experiment 11/experiment 11.srcs/sources_1/new/Mux_2x1.vhd:25' bound to instance 'my_alu_mux' of component 'Mux_2x1' [E:/experiment 11/experiment 11.srcs/sources_1/new/Rat_MCU.vhd:330]
INFO: [Synth 8-638] synthesizing module 'Mux_2x1' [E:/experiment 11/experiment 11.srcs/sources_1/new/Mux_2x1.vhd:32]
INFO: [Synth 8-256] done synthesizing module 'Mux_2x1' (8#1) [E:/experiment 11/experiment 11.srcs/sources_1/new/Mux_2x1.vhd:32]
INFO: [Synth 8-3491] module 'Flags' declared at 'E:/experiment 11/experiment 11.srcs/sources_1/new/Flags.vhd:25' bound to instance 'my_flags' of component 'Flags' [E:/experiment 11/experiment 11.srcs/sources_1/new/Rat_MCU.vhd:336]
INFO: [Synth 8-638] synthesizing module 'Flags' [E:/experiment 11/experiment 11.srcs/sources_1/new/Flags.vhd:39]
INFO: [Synth 8-3491] module 'FlagReg' declared at 'E:/experiment 11/experiment 11.srcs/sources_1/new/Flip_Flop.vhd:25' bound to instance 'my_cFlag' of component 'FlagReg' [E:/experiment 11/experiment 11.srcs/sources_1/new/Flags.vhd:70]
INFO: [Synth 8-638] synthesizing module 'FlagReg' [E:/experiment 11/experiment 11.srcs/sources_1/new/Flip_Flop.vhd:34]
INFO: [Synth 8-256] done synthesizing module 'FlagReg' (9#1) [E:/experiment 11/experiment 11.srcs/sources_1/new/Flip_Flop.vhd:34]
INFO: [Synth 8-3491] module 'FlagReg' declared at 'E:/experiment 11/experiment 11.srcs/sources_1/new/Flip_Flop.vhd:25' bound to instance 'my_ZFlag' of component 'FlagReg' [E:/experiment 11/experiment 11.srcs/sources_1/new/Flags.vhd:78]
INFO: [Synth 8-3491] module 'FlagReg' declared at 'E:/experiment 11/experiment 11.srcs/sources_1/new/Flip_Flop.vhd:25' bound to instance 'my_shad_z' of component 'FlagReg' [E:/experiment 11/experiment 11.srcs/sources_1/new/Flags.vhd:86]
INFO: [Synth 8-3491] module 'FlagReg' declared at 'E:/experiment 11/experiment 11.srcs/sources_1/new/Flip_Flop.vhd:25' bound to instance 'my_shad_c' of component 'FlagReg' [E:/experiment 11/experiment 11.srcs/sources_1/new/Flags.vhd:94]
INFO: [Synth 8-3491] module 'Mux_2x1_1bit' declared at 'E:/experiment 11/experiment 11.srcs/sources_1/new/Mux_2x1_1bit.vhd:25' bound to instance 'c_flag_mux' of component 'Mux_2x1_1bit' [E:/experiment 11/experiment 11.srcs/sources_1/new/Flags.vhd:102]
INFO: [Synth 8-638] synthesizing module 'Mux_2x1_1bit' [E:/experiment 11/experiment 11.srcs/sources_1/new/Mux_2x1_1bit.vhd:32]
INFO: [Synth 8-256] done synthesizing module 'Mux_2x1_1bit' (10#1) [E:/experiment 11/experiment 11.srcs/sources_1/new/Mux_2x1_1bit.vhd:32]
INFO: [Synth 8-3491] module 'Mux_2x1_1bit' declared at 'E:/experiment 11/experiment 11.srcs/sources_1/new/Mux_2x1_1bit.vhd:25' bound to instance 'z_flag_mux' of component 'Mux_2x1_1bit' [E:/experiment 11/experiment 11.srcs/sources_1/new/Flags.vhd:108]
INFO: [Synth 8-256] done synthesizing module 'Flags' (11#1) [E:/experiment 11/experiment 11.srcs/sources_1/new/Flags.vhd:39]
INFO: [Synth 8-3491] module 'Mux_4x1_8bit' declared at 'E:/experiment 11/experiment 11.srcs/sources_1/new/Mux_4x1_8bit.vhd:25' bound to instance 'reg_file_mux' of component 'Mux_4x1_8bit' [E:/experiment 11/experiment 11.srcs/sources_1/new/Rat_MCU.vhd:349]
INFO: [Synth 8-638] synthesizing module 'Mux_4x1_8bit' [E:/experiment 11/experiment 11.srcs/sources_1/new/Mux_4x1_8bit.vhd:35]
INFO: [Synth 8-256] done synthesizing module 'Mux_4x1_8bit' (12#1) [E:/experiment 11/experiment 11.srcs/sources_1/new/Mux_4x1_8bit.vhd:35]
INFO: [Synth 8-3491] module 'Scratch_Ram' declared at 'E:/experiment 11/experiment 11.srcs/sources_1/new/Sratch_Ram.vhd:25' bound to instance 'SCR' of component 'Scratch_Ram' [E:/experiment 11/experiment 11.srcs/sources_1/new/Rat_MCU.vhd:357]
INFO: [Synth 8-638] synthesizing module 'Scratch_Ram' [E:/experiment 11/experiment 11.srcs/sources_1/new/Sratch_Ram.vhd:33]
INFO: [Synth 8-256] done synthesizing module 'Scratch_Ram' (13#1) [E:/experiment 11/experiment 11.srcs/sources_1/new/Sratch_Ram.vhd:33]
INFO: [Synth 8-3491] module 'Mux_4x1_8bit' declared at 'E:/experiment 11/experiment 11.srcs/sources_1/new/Mux_4x1_8bit.vhd:25' bound to instance 'scr_addr_mux' of component 'Mux_4x1_8bit' [E:/experiment 11/experiment 11.srcs/sources_1/new/Rat_MCU.vhd:365]
INFO: [Synth 8-3491] module 'mux_2x1_10bit' declared at 'E:/experiment 11/experiment 11.srcs/sources_1/new/mux_2x1_10bit.vhd:25' bound to instance 'scr_data_mux' of component 'mux_2x1_10bit' [E:/experiment 11/experiment 11.srcs/sources_1/new/Rat_MCU.vhd:374]
INFO: [Synth 8-638] synthesizing module 'mux_2x1_10bit' [E:/experiment 11/experiment 11.srcs/sources_1/new/mux_2x1_10bit.vhd:33]
INFO: [Synth 8-256] done synthesizing module 'mux_2x1_10bit' (14#1) [E:/experiment 11/experiment 11.srcs/sources_1/new/mux_2x1_10bit.vhd:33]
INFO: [Synth 8-3491] module 'stack_pointer' declared at 'E:/experiment 11/experiment 11.srcs/sources_1/new/stack_pointer.vhd:28' bound to instance 'SP' of component 'stack_pointer' [E:/experiment 11/experiment 11.srcs/sources_1/new/Rat_MCU.vhd:380]
INFO: [Synth 8-638] synthesizing module 'stack_pointer' [E:/experiment 11/experiment 11.srcs/sources_1/new/stack_pointer.vhd:38]
INFO: [Synth 8-256] done synthesizing module 'stack_pointer' (15#1) [E:/experiment 11/experiment 11.srcs/sources_1/new/stack_pointer.vhd:38]
INFO: [Synth 8-3491] module 'FlagReg' declared at 'E:/experiment 11/experiment 11.srcs/sources_1/new/Flip_Flop.vhd:25' bound to instance 'interrupt' of component 'FlagReg' [E:/experiment 11/experiment 11.srcs/sources_1/new/Rat_MCU.vhd:389]
INFO: [Synth 8-256] done synthesizing module 'RAT_MCU' (16#1) [E:/experiment 11/experiment 11.srcs/sources_1/new/Rat_MCU.vhd:40]
INFO: [Synth 8-3491] module 'timer_counter' declared at 'E:/experiment 11/experiment 11.srcs/sources_1/new/timer_counter.vhd:35' bound to instance 'my_tc' of component 'timer_counter' [E:/experiment 11/experiment 11.srcs/sources_1/new/Rat_Wrapper.vhd:143]
INFO: [Synth 8-638] synthesizing module 'timer_counter' [E:/experiment 11/experiment 11.srcs/sources_1/new/timer_counter.vhd:44]
INFO: [Synth 8-226] default block is never used [E:/experiment 11/experiment 11.srcs/sources_1/new/timer_counter.vhd:122]
INFO: [Synth 8-256] done synthesizing module 'timer_counter' (17#1) [E:/experiment 11/experiment 11.srcs/sources_1/new/timer_counter.vhd:44]
INFO: [Synth 8-256] done synthesizing module 'RAT_wrapper' (18#1) [E:/experiment 11/experiment 11.srcs/sources_1/new/Rat_Wrapper.vhd:47]
WARNING: [Synth 8-3331] design timer_counter has unconnected port TCCR[6]
WARNING: [Synth 8-3331] design timer_counter has unconnected port TCCR[5]
WARNING: [Synth 8-3331] design timer_counter has unconnected port TCCR[4]
---------------------------------------------------------------------------------
Finished RTL Elaboration : Time (s): cpu = 00:00:09 ; elapsed = 00:00:48 . Memory (MB): peak = 398.852 ; gain = 154.359
---------------------------------------------------------------------------------

Report Check Netlist: 
+------+------------------+-------+---------+-------+------------------+
|      |Item              |Errors |Warnings |Status |Description       |
+------+------------------+-------+---------+-------+------------------+
|1     |multi_driven_nets |      0|        0|Passed |Multi driven nets |
+------+------------------+-------+---------+-------+------------------+
---------------------------------------------------------------------------------
Finished RTL Optimization Phase 1 : Time (s): cpu = 00:00:09 ; elapsed = 00:01:06 . Memory (MB): peak = 398.852 ; gain = 154.359
---------------------------------------------------------------------------------
INFO: [Netlist 29-17] Analyzing 2 Unisim elements for replacement
INFO: [Netlist 29-28] Unisim Transformation completed in 0 CPU seconds
INFO: [Device 21-403] Loading part xc7a35tcpg236-1
INFO: [Project 1-570] Preparing netlist for logic optimization

Processing XDC Constraints
Initializing timing engine
Parsing XDC File [E:/experiment 11/experiment 11.srcs/constrs_1/new/Constraints.xdc]
Finished Parsing XDC File [E:/experiment 11/experiment 11.srcs/constrs_1/new/Constraints.xdc]
INFO: [Project 1-236] Implementation specific constraints were found while reading constraint file [E:/experiment 11/experiment 11.srcs/constrs_1/new/Constraints.xdc]. These constraints will be ignored for synthesis but will be used in implementation. Impacted constraints are listed in the file [.Xil/RAT_wrapper_propImpl.xdc].
Resolution: To avoid this warning, move constraints listed in [.Xil/RAT_wrapper_propImpl.xdc] to another XDC file and exclude this new file from synthesis with the used_in_synthesis property (File Properties dialog in GUI) and re-run elaboration/synthesis.
Completed Processing XDC Constraints

INFO: [Project 1-111] Unisim Transformation Summary:
  A total of 2 instances were transformed.
  RAMB16_S18 => RAMB18E1: 2 instances

Constraint Validation Runtime : Time (s): cpu = 00:00:00 ; elapsed = 00:00:00.052 . Memory (MB): peak = 700.922 ; gain = 0.000
---------------------------------------------------------------------------------
Finished Constraint Validation : Time (s): cpu = 00:00:24 ; elapsed = 00:01:52 . Memory (MB): peak = 700.922 ; gain = 456.430
---------------------------------------------------------------------------------
---------------------------------------------------------------------------------
Start Loading Part and Timing Information
---------------------------------------------------------------------------------
Loading part: xc7a35tcpg236-1
---------------------------------------------------------------------------------
Finished Loading Part and Timing Information : Time (s): cpu = 00:00:24 ; elapsed = 00:01:52 . Memory (MB): peak = 700.922 ; gain = 456.430
---------------------------------------------------------------------------------
---------------------------------------------------------------------------------
Start Applying 'set_property' XDC Constraints
---------------------------------------------------------------------------------
---------------------------------------------------------------------------------
Finished applying 'set_property' XDC Constraints : Time (s): cpu = 00:00:24 ; elapsed = 00:01:52 . Memory (MB): peak = 700.922 ; gain = 456.430
---------------------------------------------------------------------------------
INFO: [Synth 8-5818] HDL ADVISOR - The operator resource <adder> is shared. To prevent sharing consider applying a KEEP on the output of the operator [E:/experiment 11/experiment 11.srcs/sources_1/new/ALU.vhd:44]
INFO: [Synth 8-5546] ROM "PC_MUX_SEL" won't be mapped to RAM because it is too sparse
INFO: [Synth 8-5546] ROM "SP_LD" won't be mapped to RAM because it is too sparse
INFO: [Synth 8-5546] ROM "SP_INCR" won't be mapped to RAM because it is too sparse
INFO: [Synth 8-5546] ROM "SP_DECR" won't be mapped to RAM because it is too sparse
INFO: [Synth 8-5546] ROM "RF_WR_SEL" won't be mapped to RAM because it is too sparse
INFO: [Synth 8-5546] ROM "ALU_OPY_SEL" won't be mapped to RAM because it is too sparse
INFO: [Synth 8-5546] ROM "ALU_SEL" won't be mapped to RAM because it is too sparse
INFO: [Synth 8-5546] ROM "SCR_WR" won't be mapped to RAM because it is too sparse
INFO: [Synth 8-5546] ROM "SCR_DATA_SEL" won't be mapped to RAM because it is too sparse
INFO: [Synth 8-5546] ROM "SCR_ADDR_SEL" won't be mapped to RAM because it is too sparse
INFO: [Synth 8-5546] ROM "FLG_C_SET" won't be mapped to RAM because it is too sparse
INFO: [Synth 8-5546] ROM "FLG_C_CLR" won't be mapped to RAM because it is too sparse
INFO: [Synth 8-5546] ROM "FLG_LD_SEL" won't be mapped to RAM because it is too sparse
INFO: [Synth 8-5546] ROM "I_SET" won't be mapped to RAM because it is too sparse
INFO: [Synth 8-5546] ROM "I_CLR" won't be mapped to RAM because it is too sparse
INFO: [Synth 8-5546] ROM "IO_STRB" won't be mapped to RAM because it is too sparse
WARNING: [Synth 8-6014] Unused sequential element t_cnt_reg was removed.  [E:/experiment 11/experiment 11.srcs/sources_1/new/cntr_10bit.vhd:45]
INFO: [Synth 8-5818] HDL ADVISOR - The operator resource <adder> is shared. To prevent sharing consider applying a KEEP on the output of the operator [E:/experiment 11/experiment 11.srcs/sources_1/new/stack_pointer.vhd:49]
WARNING: [Synth 8-6014] Unused sequential element t_cnt_reg was removed.  [E:/experiment 11/experiment 11.srcs/sources_1/new/stack_pointer.vhd:45]
WARNING: [Synth 8-6014] Unused sequential element r_ps_count_reg was removed.  [E:/experiment 11/experiment 11.srcs/sources_1/new/timer_counter.vhd:73]
WARNING: [Synth 8-6014] Unused sequential element r_counter24b_reg was removed.  [E:/experiment 11/experiment 11.srcs/sources_1/new/timer_counter.vhd:98]
---------------------------------------------------------------------------------
Finished RTL Optimization Phase 2 : Time (s): cpu = 00:00:25 ; elapsed = 00:01:54 . Memory (MB): peak = 700.922 ; gain = 456.430
---------------------------------------------------------------------------------

Report RTL Partitions: 
+-+--------------+------------+----------+
| |RTL Partition |Replication |Instances |
+-+--------------+------------+----------+
+-+--------------+------------+----------+
---------------------------------------------------------------------------------
Start RTL Component Statistics 
---------------------------------------------------------------------------------
Detailed RTL Component Info : 
+---Adders : 
	   2 Input     10 Bit       Adders := 1     
	   2 Input      9 Bit       Adders := 1     
	   3 Input      9 Bit       Adders := 2     
	   2 Input      8 Bit       Adders := 2     
	   2 Input      4 Bit       Adders := 1     
+---XORs : 
	   2 Input      9 Bit         XORs := 1     
+---Registers : 
	               10 Bit    Registers := 1     
	                8 Bit    Registers := 8     
	                4 Bit    Registers := 2     
	                2 Bit    Registers := 2     
	                1 Bit    Registers := 7     
+---Muxes : 
	   4 Input     10 Bit        Muxes := 1     
	   2 Input     10 Bit        Muxes := 2     
	  16 Input      9 Bit        Muxes := 2     
	   2 Input      8 Bit        Muxes := 3     
	   5 Input      8 Bit        Muxes := 2     
	   4 Input      8 Bit        Muxes := 1     
	  52 Input      4 Bit        Muxes := 1     
	  49 Input      2 Bit        Muxes := 1     
	   4 Input      2 Bit        Muxes := 3     
	  52 Input      2 Bit        Muxes := 2     
	   2 Input      2 Bit        Muxes := 1     
	  49 Input      1 Bit        Muxes := 2     
	   4 Input      1 Bit        Muxes := 8     
	  52 Input      1 Bit        Muxes := 12    
	   2 Input      1 Bit        Muxes := 21    
---------------------------------------------------------------------------------
Finished RTL Component Statistics 
---------------------------------------------------------------------------------
---------------------------------------------------------------------------------
Start RTL Hierarchical Component Statistics 
---------------------------------------------------------------------------------
Hierarchical RTL Component report 
Module RAT_wrapper 
Detailed RTL Component Info : 
+---Registers : 
	                8 Bit    Registers := 7     
	                4 Bit    Registers := 1     
+---Muxes : 
	   4 Input      8 Bit        Muxes := 1     
	   2 Input      8 Bit        Muxes := 1     
Module ALU 
Detailed RTL Component Info : 
+---Adders : 
	   2 Input      9 Bit       Adders := 1     
	   3 Input      9 Bit       Adders := 2     
+---XORs : 
	   2 Input      9 Bit         XORs := 1     
+---Muxes : 
	  16 Input      9 Bit        Muxes := 2     
Module CONTROL_UNIT 
Detailed RTL Component Info : 
+---Registers : 
	                2 Bit    Registers := 1     
+---Muxes : 
	  52 Input      4 Bit        Muxes := 1     
	  49 Input      2 Bit        Muxes := 1     
	   4 Input      2 Bit        Muxes := 2     
	  52 Input      2 Bit        Muxes := 2     
	  49 Input      1 Bit        Muxes := 2     
	   4 Input      1 Bit        Muxes := 7     
	  52 Input      1 Bit        Muxes := 12    
Module Mux_3x2 
Detailed RTL Component Info : 
+---Muxes : 
	   4 Input     10 Bit        Muxes := 1     
Module cntr_10bit 
Detailed RTL Component Info : 
+---Adders : 
	   2 Input     10 Bit       Adders := 1     
+---Registers : 
	               10 Bit    Registers := 1     
+---Muxes : 
	   2 Input     10 Bit        Muxes := 1     
	   2 Input      1 Bit        Muxes := 1     
Module Mux_2x1 
Detailed RTL Component Info : 
+---Muxes : 
	   2 Input      8 Bit        Muxes := 1     
Module FlagReg 
Detailed RTL Component Info : 
+---Registers : 
	                1 Bit    Registers := 1     
+---Muxes : 
	   2 Input      1 Bit        Muxes := 3     
Module Mux_2x1_1bit 
Detailed RTL Component Info : 
+---Muxes : 
	   2 Input      1 Bit        Muxes := 1     
Module Mux_4x1_8bit 
Detailed RTL Component Info : 
+---Muxes : 
	   5 Input      8 Bit        Muxes := 1     
Module mux_2x1_10bit 
Detailed RTL Component Info : 
+---Muxes : 
	   2 Input     10 Bit        Muxes := 1     
Module stack_pointer 
Detailed RTL Component Info : 
+---Adders : 
	   2 Input      8 Bit       Adders := 1     
+---Registers : 
	                8 Bit    Registers := 1     
+---Muxes : 
	   2 Input      8 Bit        Muxes := 1     
	   2 Input      2 Bit        Muxes := 1     
	   2 Input      1 Bit        Muxes := 2     
Module RAT_MCU 
Detailed RTL Component Info : 
+---Adders : 
	   2 Input      8 Bit       Adders := 1     
Module timer_counter 
Detailed RTL Component Info : 
+---Adders : 
	   2 Input      4 Bit       Adders := 1     
+---Registers : 
	                4 Bit    Registers := 1     
	                2 Bit    Registers := 1     
	                1 Bit    Registers := 2     
+---Muxes : 
	   4 Input      2 Bit        Muxes := 1     
	   2 Input      1 Bit        Muxes := 1     
	   4 Input      1 Bit        Muxes := 1     
---------------------------------------------------------------------------------
Finished RTL Hierarchical Component Statistics
---------------------------------------------------------------------------------
---------------------------------------------------------------------------------
Start Part Resource Summary
---------------------------------------------------------------------------------
Part Resources:
DSPs: 90 (col length:60)
BRAMs: 100 (col length: RAMB18 60 RAMB36 30)
---------------------------------------------------------------------------------
Finished Part Resource Summary
---------------------------------------------------------------------------------
---------------------------------------------------------------------------------
Start Cross Boundary and Area Optimization
---------------------------------------------------------------------------------
INFO: [Synth 8-5546] ROM "MCU/my_cu/PC_MUX_SEL" won't be mapped to RAM because it is too sparse
WARNING: [Synth 8-6014] Unused sequential element MCU/my_PC/program_counter/t_cnt_reg was removed.  [E:/experiment 11/experiment 11.srcs/sources_1/new/cntr_10bit.vhd:45]
WARNING: [Synth 8-6014] Unused sequential element MCU/SP/t_cnt_reg was removed.  [E:/experiment 11/experiment 11.srcs/sources_1/new/stack_pointer.vhd:45]
WARNING: [Synth 8-6014] Unused sequential element my_tc/r_ps_count_reg was removed.  [E:/experiment 11/experiment 11.srcs/sources_1/new/timer_counter.vhd:73]
WARNING: [Synth 8-6014] Unused sequential element my_tc/r_counter24b_reg was removed.  [E:/experiment 11/experiment 11.srcs/sources_1/new/timer_counter.vhd:98]
WARNING: [Synth 8-3332] Sequential element (r_tccr_reg[6]) is unused and will be removed from module RAT_wrapper.
WARNING: [Synth 8-3332] Sequential element (r_tccr_reg[5]) is unused and will be removed from module RAT_wrapper.
WARNING: [Synth 8-3332] Sequential element (r_tccr_reg[4]) is unused and will be removed from module RAT_wrapper.
---------------------------------------------------------------------------------
Finished Cross Boundary and Area Optimization : Time (s): cpu = 00:00:27 ; elapsed = 00:02:02 . Memory (MB): peak = 700.922 ; gain = 456.430
---------------------------------------------------------------------------------
---------------------------------------------------------------------------------
Start ROM, RAM, DSP and Shift Register Reporting
---------------------------------------------------------------------------------

ROM:
+-------------+--------------------+---------------+----------------+
|Module Name  | RTL Object         | Depth x Width | Implemented As | 
+-------------+--------------------+---------------+----------------+
|CONTROL_UNIT | RF_WR              | 128x1         | LUT            | 
|CONTROL_UNIT | FLG_C_LD           | 128x1         | LUT            | 
|CONTROL_UNIT | FLG_Z_LD           | 128x1         | LUT            | 
|RAT_wrapper  | MCU/my_cu/RF_WR    | 128x1         | LUT            | 
|RAT_wrapper  | MCU/my_cu/FLG_C_LD | 128x1         | LUT            | 
|RAT_wrapper  | MCU/my_cu/FLG_Z_LD | 128x1         | LUT            | 
+-------------+--------------------+---------------+----------------+


Distributed RAM: Preliminary Mapping  Report (see note below)
+------------+------------------------+-----------+----------------------+------------------+
|Module Name | RTL Object             | Inference | Size (Depth x Width) | Primitives       | 
+------------+------------------------+-----------+----------------------+------------------+
|RAT_wrapper | MCU/SCR/MY_RAM_reg     | Implied   | 256 x 10             | RAM256X1S x 10   | 
|RAT_wrapper | MCU/my_regfile/REG_reg | Implied   | 32 x 8               | RAM32X1D x 8     | 
+------------+------------------------+-----------+----------------------+------------------+

Note: The table above is a preliminary report that shows the Distributed RAMs at the current stage of the synthesis flow. Some Distributed RAMs may be reimplemented as non Distributed RAM primitives later in the synthesis flow. Multiple instantiated RAMs are reported only once.
---------------------------------------------------------------------------------
Finished ROM, RAM, DSP and Shift Register Reporting
---------------------------------------------------------------------------------

Report RTL Partitions: 
+-+--------------+------------+----------+
| |RTL Partition |Replication |Instances |
+-+--------------+------------+----------+
+-+--------------+------------+----------+
---------------------------------------------------------------------------------
Start Applying XDC Timing Constraints
---------------------------------------------------------------------------------
---------------------------------------------------------------------------------
Finished Applying XDC Timing Constraints : Time (s): cpu = 00:00:38 ; elapsed = 00:02:13 . Memory (MB): peak = 733.777 ; gain = 489.285
---------------------------------------------------------------------------------
---------------------------------------------------------------------------------
Start Timing Optimization
---------------------------------------------------------------------------------
---------------------------------------------------------------------------------
Finished Timing Optimization : Time (s): cpu = 00:00:40 ; elapsed = 00:02:15 . Memory (MB): peak = 784.617 ; gain = 540.125
---------------------------------------------------------------------------------
---------------------------------------------------------------------------------
Start ROM, RAM, DSP and Shift Register Reporting
---------------------------------------------------------------------------------

Distributed RAM: Final Mapping  Report
+------------+------------------------+-----------+----------------------+------------------+
|Module Name | RTL Object             | Inference | Size (Depth x Width) | Primitives       | 
+------------+------------------------+-----------+----------------------+------------------+
|RAT_wrapper | MCU/SCR/MY_RAM_reg     | Implied   | 256 x 10             | RAM256X1S x 10   | 
|RAT_wrapper | MCU/my_regfile/REG_reg | Implied   | 32 x 8               | RAM32X1D x 8     | 
+------------+------------------------+-----------+----------------------+------------------+

---------------------------------------------------------------------------------
Finished ROM, RAM, DSP and Shift Register Reporting
---------------------------------------------------------------------------------

Report RTL Partitions: 
+-+--------------+------------+----------+
| |RTL Partition |Replication |Instances |
+-+--------------+------------+----------+
+-+--------------+------------+----------+
---------------------------------------------------------------------------------
Start Technology Mapping
---------------------------------------------------------------------------------
---------------------------------------------------------------------------------
Finished Technology Mapping : Time (s): cpu = 00:00:40 ; elapsed = 00:02:15 . Memory (MB): peak = 793.641 ; gain = 549.148
---------------------------------------------------------------------------------

Report RTL Partitions: 
+-+--------------+------------+----------+
| |RTL Partition |Replication |Instances |
+-+--------------+------------+----------+
+-+--------------+------------+----------+
---------------------------------------------------------------------------------
Start IO Insertion
---------------------------------------------------------------------------------
---------------------------------------------------------------------------------
Start Flattening Before IO Insertion
---------------------------------------------------------------------------------
---------------------------------------------------------------------------------
Finished Flattening Before IO Insertion
---------------------------------------------------------------------------------
---------------------------------------------------------------------------------
Start Final Netlist Cleanup
---------------------------------------------------------------------------------
---------------------------------------------------------------------------------
Finished Final Netlist Cleanup
---------------------------------------------------------------------------------
---------------------------------------------------------------------------------
Finished IO Insertion : Time (s): cpu = 00:00:41 ; elapsed = 00:02:16 . Memory (MB): peak = 793.641 ; gain = 549.148
---------------------------------------------------------------------------------

Report Check Netlist: 
+------+------------------+-------+---------+-------+------------------+
|      |Item              |Errors |Warnings |Status |Description       |
+------+------------------+-------+---------+-------+------------------+
|1     |multi_driven_nets |      0|        0|Passed |Multi driven nets |
+------+------------------+-------+---------+-------+------------------+
---------------------------------------------------------------------------------
Start Renaming Generated Instances
---------------------------------------------------------------------------------
---------------------------------------------------------------------------------
Finished Renaming Generated Instances : Time (s): cpu = 00:00:41 ; elapsed = 00:02:16 . Memory (MB): peak = 793.641 ; gain = 549.148
---------------------------------------------------------------------------------

Report RTL Partitions: 
+-+--------------+------------+----------+
| |RTL Partition |Replication |Instances |
+-+--------------+------------+----------+
+-+--------------+------------+----------+
---------------------------------------------------------------------------------
Start Rebuilding User Hierarchy
---------------------------------------------------------------------------------
---------------------------------------------------------------------------------
Finished Rebuilding User Hierarchy : Time (s): cpu = 00:00:41 ; elapsed = 00:02:16 . Memory (MB): peak = 793.641 ; gain = 549.148
---------------------------------------------------------------------------------
---------------------------------------------------------------------------------
Start Renaming Generated Ports
---------------------------------------------------------------------------------
---------------------------------------------------------------------------------
Finished Renaming Generated Ports : Time (s): cpu = 00:00:41 ; elapsed = 00:02:16 . Memory (MB): peak = 793.641 ; gain = 549.148
---------------------------------------------------------------------------------
---------------------------------------------------------------------------------
Start Handling Custom Attributes
---------------------------------------------------------------------------------
---------------------------------------------------------------------------------
Finished Handling Custom Attributes : Time (s): cpu = 00:00:41 ; elapsed = 00:02:16 . Memory (MB): peak = 793.641 ; gain = 549.148
---------------------------------------------------------------------------------
---------------------------------------------------------------------------------
Start Renaming Generated Nets
---------------------------------------------------------------------------------
---------------------------------------------------------------------------------
Finished Renaming Generated Nets : Time (s): cpu = 00:00:41 ; elapsed = 00:02:16 . Memory (MB): peak = 793.641 ; gain = 549.148
---------------------------------------------------------------------------------
---------------------------------------------------------------------------------
Start Writing Synthesis Report
---------------------------------------------------------------------------------

Report BlackBoxes: 
+-+--------------+----------+
| |BlackBox name |Instances |
+-+--------------+----------+
+-+--------------+----------+

Report Cell Usage: 
+------+-----------+------+
|      |Cell       |Count |
+------+-----------+------+
|1     |BUFG       |     1|
|2     |CARRY4     |    19|
|3     |LUT1       |     3|
|4     |LUT2       |    52|
|5     |LUT3       |    33|
|6     |LUT4       |    46|
|7     |LUT5       |    69|
|8     |LUT6       |   103|
|9     |MUXF7      |    17|
|10    |MUXF8      |     8|
|11    |RAM256X1S  |    10|
|12    |RAM32X1D   |     8|
|13    |RAMB16_S18 |     1|
|14    |FDCE       |    42|
|15    |FDRE       |    72|
|16    |IBUF       |    22|
|17    |OBUF       |    28|
+------+-----------+------+

Report Instance Areas: 
+------+----------------------+---------------+------+
|      |Instance              |Module         |Cells |
+------+----------------------+---------------+------+
|1     |top                   |               |   534|
|2     |  MCU                 |RAT_MCU        |   342|
|3     |    SCR               |Scratch_Ram    |    10|
|4     |    SP                |stack_pointer  |    23|
|5     |    interrupt         |FlagReg        |     2|
|6     |    my_PC             |ProgramCounter |    28|
|7     |      program_counter |cntr_10bit     |    28|
|8     |    my_alu            |ALU            |    28|
|9     |    my_cu             |CONTROL_UNIT   |    11|
|10    |    my_flags          |Flags          |     6|
|11    |      my_ZFlag        |FlagReg_0      |     2|
|12    |      my_cFlag        |FlagReg_1      |     2|
|13    |      my_shad_c       |FlagReg_2      |     1|
|14    |      my_shad_z       |FlagReg_3      |     1|
|15    |    my_prog_rom       |prog_rom       |   201|
|16    |    my_regfile        |RegisterFile   |    33|
|17    |  my_tc               |timer_counter  |    84|
+------+----------------------+---------------+------+
---------------------------------------------------------------------------------
Finished Writing Synthesis Report : Time (s): cpu = 00:00:41 ; elapsed = 00:02:16 . Memory (MB): peak = 793.641 ; gain = 549.148
---------------------------------------------------------------------------------
Synthesis finished with 0 errors, 0 critical warnings and 11 warnings.
Synthesis Optimization Runtime : Time (s): cpu = 00:00:26 ; elapsed = 00:01:49 . Memory (MB): peak = 793.641 ; gain = 247.078
Synthesis Optimization Complete : Time (s): cpu = 00:00:42 ; elapsed = 00:02:16 . Memory (MB): peak = 793.641 ; gain = 549.148
INFO: [Project 1-571] Translating synthesized netlist
INFO: [Netlist 29-17] Analyzing 85 Unisim elements for replacement
INFO: [Netlist 29-28] Unisim Transformation completed in 0 CPU seconds
INFO: [Project 1-570] Preparing netlist for logic optimization
INFO: [Opt 31-138] Pushed 0 inverter(s) to 0 load pin(s).
INFO: [Project 1-111] Unisim Transformation Summary:
  A total of 19 instances were transformed.
  RAM256X1S => RAM256X1S (MUXF7, MUXF7, MUXF8, RAMS64E, RAMS64E, RAMS64E, RAMS64E): 10 instances
  RAM32X1D => RAM32X1D (RAMD32, RAMD32): 8 instances
  RAMB16_S18 => RAMB18E1: 1 instances

INFO: [Common 17-83] Releasing license: Synthesis
97 Infos, 15 Warnings, 0 Critical Warnings and 0 Errors encountered.
synth_design completed successfully
synth_design: Time (s): cpu = 00:00:44 ; elapsed = 00:02:19 . Memory (MB): peak = 793.641 ; gain = 561.766
INFO: [Common 17-1381] The checkpoint 'E:/experiment 11/experiment 11.runs/synth_1/RAT_wrapper.dcp' has been generated.
write_checkpoint: Time (s): cpu = 00:00:00 ; elapsed = 00:00:18 . Memory (MB): peak = 793.641 ; gain = 0.000
INFO: [runtcl-4] Executing : report_utilization -file RAT_wrapper_utilization_synth.rpt -pb RAT_wrapper_utilization_synth.pb
report_utilization: Time (s): cpu = 00:00:00 ; elapsed = 00:00:00.145 . Memory (MB): peak = 793.641 ; gain = 0.000
INFO: [Common 17-206] Exiting Vivado at Thu Nov 16 22:59:54 2017...
