#-----------------------------------------------------------
# Vivado v2017.2 (64-bit)
# SW Build 1909853 on Thu Jun 15 18:39:09 MDT 2017
# IP Build 1909766 on Thu Jun 15 19:58:00 MDT 2017
# Start of session at: Thu Nov 16 21:29:36 2017
# Process ID: 15768
# Current directory: D:/experiment 11
# Command line: vivado.exe -gui_launcher_event rodinguilauncherevent17396 D:\experiment 11\experiment 11.xpr
# Log file: D:/experiment 11/vivado.log
# Journal file: D:/experiment 11\vivado.jou
#-----------------------------------------------------------
start_gui
open_project {D:/experiment 11/experiment 11.xpr}
INFO: [Project 1-313] Project file moved from 'E:/experiment 11' since last save.
Scanning sources...
Finished scanning sources
CRITICAL WARNING: [Project 1-505] Unrecognized Option Name CompiledLibDirXcelium
CRITICAL WARNING: [Project 1-505] Unrecognized Option Name SimTypes
WARNING: [Project 1-231] Project 'experiment 11.xpr' was created with a future version and may or may not perform reliably with this version of Vivado. It has been opened in read-only mode for the protection of unrecognized data. Use 'File | Save Project As...' if you wish to alter a copy of the project.
INFO: [IP_Flow 19-234] Refreshing IP repositories
INFO: [IP_Flow 19-1704] No user IP repositories specified
INFO: [IP_Flow 19-2313] Loaded Vivado IP repository 'C:/Xilinx/Vivado/2017.2/data/ip'.
open_project: Time (s): cpu = 00:00:13 ; elapsed = 00:00:12 . Memory (MB): peak = 780.801 ; gain = 84.285
update_compile_order -fileset sources_1
save_project_as {experiment 11} {C:/Users/tefarris/Desktop/experiment 11} -force
save_project_as: Time (s): cpu = 00:00:06 ; elapsed = 00:00:10 . Memory (MB): peak = 791.203 ; gain = 10.402
exit
INFO: [Common 17-206] Exiting Vivado at Thu Nov 16 22:43:36 2017...
